#
# There is insufficient memory for the Java Runtime Environment to continue.
# Native memory allocation (mmap) failed to map 104333312 bytes for committing reserved memory.
# Possible reasons:
#   The system is out of physical RAM or swap space
#   In 32 bit mode, the process size limit was hit
# Possible solutions:
#   Reduce memory load on the system
#   Increase physical memory or swap space
#   Check if swap backing store is full
#   Use 64 bit Java on a 64 bit OS
#   Decrease Java heap size (-Xmx/-Xms)
#   Decrease number of Java threads
#   Decrease Java thread stack sizes (-Xss)
#   Set larger code cache with -XX:ReservedCodeCacheSize=
# This output file may be truncated or incomplete.
#
#  Out of Memory Error (os_linux.cpp:2640), pid=17006, tid=0x00007fcfb39f9700
#
# JRE version: Java(TM) SE Runtime Environment (8.0_181-b13) (build 1.8.0_181-b13)
# Java VM: Java HotSpot(TM) 64-Bit Server VM (25.181-b13 mixed mode linux-amd64 compressed oops)
# Failed to write core dump. Core dumps have been disabled. To enable core dumping, try "ulimit -c unlimited" before starting Java again
#

---------------  T H R E A D  ---------------

Current thread (0x00007fcfd0079800):  VMThread [stack: 0x00007fcfb38fa000,0x00007fcfb39fa000] [id=17033]

Stack: [0x00007fcfb38fa000,0x00007fcfb39fa000],  sp=0x00007fcfb39f8220,  free space=1016k
Native frames: (J=compiled Java code, j=interpreted, Vv=VM code, C=native code)
V  [libjvm.so+0xad21aa]  VMError::report_and_die()+0x2ba
V  [libjvm.so+0x5022db]  report_vm_out_of_memory(char const*, int, unsigned long, VMErrorType, char const*)+0x8b
V  [libjvm.so+0x92fe33]  os::Linux::commit_memory_impl(char*, unsigned long, bool)+0x123
V  [libjvm.so+0x930059]  os::pd_commit_memory(char*, unsigned long, unsigned long, bool)+0x29
V  [libjvm.so+0x9272ba]  os::commit_memory(char*, unsigned long, unsigned long, bool)+0x2a
V  [libjvm.so+0x99d2e3]  PSVirtualSpace::expand_by(unsigned long)+0x53
V  [libjvm.so+0x98dba0]  PSOldGen::expand(unsigned long)+0x170
V  [libjvm.so+0x98ddab]  PSOldGen::resize(unsigned long)+0x1cb
V  [libjvm.so+0x995ab1]  PSParallelCompact::invoke_no_policy(bool)+0x991
V  [libjvm.so+0x995da3]  PSParallelCompact::invoke(bool)+0x63
V  [libjvm.so+0x488e34]  CollectedHeap::collect_as_vm_thread(GCCause::Cause)+0x114
V  [libjvm.so+0xad3631]  VM_CollectForMetadataAllocation::doit()+0x161
V  [libjvm.so+0xadb745]  VM_Operation::evaluate()+0x55
V  [libjvm.so+0xad9b0a]  VMThread::evaluate_operation(VM_Operation*)+0xba
V  [libjvm.so+0xad9e8e]  VMThread::loop()+0x1ce
V  [libjvm.so+0xada300]  VMThread::run()+0x70
V  [libjvm.so+0x930198]  java_start(Thread*)+0x108

VM_Operation (0x00007fcfd831aa90): CollectForMetadataAllocation, mode: safepoint, requested by thread 0x00007fcfd000b000


---------------  P R O C E S S  ---------------

Java Threads: ( => current thread )
  0x00007fcfd00c1800 JavaThread "Service Thread" daemon [_thread_blocked, id=17040, stack(0x00007fcfb2823000,0x00007fcfb2924000)]
  0x00007fcfd00be800 JavaThread "C1 CompilerThread2" daemon [_thread_blocked, id=17039, stack(0x00007fcfb2925000,0x00007fcfb2a25000)]
  0x00007fcfd00bc800 JavaThread "C2 CompilerThread1" daemon [_thread_blocked, id=17038, stack(0x00007fcfb2a26000,0x00007fcfb2b26000)]
  0x00007fcfd00ba000 JavaThread "C2 CompilerThread0" daemon [_thread_blocked, id=17037, stack(0x00007fcfb2b27000,0x00007fcfb2c27000)]
  0x00007fcfd00b8800 JavaThread "Signal Dispatcher" daemon [_thread_blocked, id=17036, stack(0x00007fcfb2c27000,0x00007fcfb2d28000)]
  0x00007fcfd0085800 JavaThread "Finalizer" daemon [_thread_blocked, id=17035, stack(0x00007fcfb36f7000,0x00007fcfb37f8000)]
  0x00007fcfd0083000 JavaThread "Reference Handler" daemon [_thread_blocked, id=17034, stack(0x00007fcfb37f8000,0x00007fcfb38f9000)]
  0x00007fcfd000b000 JavaThread "main" [_thread_blocked, id=17028, stack(0x00007fcfd8221000,0x00007fcfd8321000)]

Other Threads:
=>0x00007fcfd0079800 VMThread [stack: 0x00007fcfb38fa000,0x00007fcfb39fa000] [id=17033]
  0x00007fcfd00c6800 WatcherThread [stack: 0x00007fcfb2723000,0x00007fcfb2823000] [id=17041]

VM state:at safepoint (normal execution)

VM Mutex/Monitor currently owned by a thread:  ([mutex/lock_event])
[0x00007fcfd0007530] ExpandHeap_lock - owner thread: 0x00007fcfd0079800
[0x00007fcfd0007bb0] Threads_lock - owner thread: 0x00007fcfd0079800
[0x00007fcfd00080b0] Heap_lock - owner thread: 0x00007fcfd000b000

Heap:
 PSYoungGen      total 500736K, used 0K [0x00000000d8000000, 0x00000000fc400000, 0x0000000100000000)
  eden space 468992K, 0% used [0x00000000d8000000,0x00000000d8000000,0x00000000f4a00000)
  from space 31744K, 0% used [0x00000000f4a00000,0x00000000f4a00000,0x00000000f6900000)
  to   space 45568K, 0% used [0x00000000f9780000,0x00000000f9780000,0x00000000fc400000)
 ParOldGen       total 92160K, used 92038K [0x0000000088000000, 0x000000008da00000, 0x00000000d8000000)
  object space 92160K, 99% used [0x0000000088000000,0x000000008d9e1b90,0x000000008da00000)
 Metaspace       used 33808K, capacity 35362K, committed 35456K, reserved 1081344K
  class space    used 4024K, capacity 4437K, committed 4480K, reserved 1048576K

Card table byte_map: [0x00007fcfd4b28000,0x00007fcfd4ee9000] byte_map_base: 0x00007fcfd46e8000

Marking Bits: (ParMarkBitMap*) 0x00007fcfd76bc0a0
 Begin Bits: [0x00007fcfb8400000, 0x00007fcfba200000)
 End Bits:   [0x00007fcfba200000, 0x00007fcfbc000000)

Polling page: 0x00007fcfd8339000

CodeCache: size=245760Kb used=18320Kb max_used=18321Kb free=227439Kb
 bounds [0x00007fcfc1000000, 0x00007fcfc2200000, 0x00007fcfd0000000]
 total_blobs=5874 nmethods=5448 adapters=339
 compilation: enabled

Compilation events (10 events):
Event: 16.753 Thread 0x00007fcfd00be800 6292       3       com.sun.tools.javac.tree.JCTree$JCModifiers::accept (6 bytes)
Event: 16.753 Thread 0x00007fcfd00be800 nmethod 6292 0x00007fcfc21e9a10 code [0x00007fcfc21e9b80, 0x00007fcfc21e9da8]
Event: 16.753 Thread 0x00007fcfd00be800 6293       3       com.sun.tools.javac.code.TypeAnnotations$TypeAnnotationPositions::push (13 bytes)
Event: 16.753 Thread 0x00007fcfd00be800 nmethod 6293 0x00007fcfc21e9610 code [0x00007fcfc21e9780, 0x00007fcfc21e9948]
Event: 16.753 Thread 0x00007fcfd00be800 6294       3       com.sun.tools.javac.util.AbstractLog::useSource (30 bytes)
Event: 16.754 Thread 0x00007fcfd00be800 nmethod 6294 0x00007fcfc21e9090 code [0x00007fcfc21e9200, 0x00007fcfc21e9528]
Event: 16.754 Thread 0x00007fcfd00be800 6286       3       com.sun.tools.javac.code.Types::isSubtypeUncheckedInternal (166 bytes)
Event: 16.756 Thread 0x00007fcfd00be800 nmethod 6286 0x00007fcfc21e6310 code [0x00007fcfc21e66c0, 0x00007fcfc21e85a8]
Event: 16.756 Thread 0x00007fcfd00be800 6288       3       com.sun.tools.javac.code.Types::isSubtype (8 bytes)
Event: 16.756 Thread 0x00007fcfd00be800 nmethod 6288 0x00007fcfc21e5f50 code [0x00007fcfc21e60c0, 0x00007fcfc21e6268]

GC Heap History (10 events):
Event: 4.571 GC heap after
Heap after GC invocations=6 (full 0):
 PSYoungGen      total 265728K, used 14324K [0x00000000d8000000, 0x00000000e9900000, 0x0000000100000000)
  eden space 245248K, 0% used [0x00000000d8000000,0x00000000d8000000,0x00000000e6f80000)
  from space 20480K, 69% used [0x00000000e8400000,0x00000000e91fd070,0x00000000e9800000)
  to   space 20992K, 0% used [0x00000000e6f80000,0x00000000e6f80000,0x00000000e8400000)
 ParOldGen       total 81920K, used 29182K [0x0000000088000000, 0x000000008d000000, 0x00000000d8000000)
  object space 81920K, 35% used [0x0000000088000000,0x0000000089c7fa78,0x000000008d000000)
 Metaspace       used 18807K, capacity 19382K, committed 19584K, reserved 1067008K
  class space    used 2180K, capacity 2358K, committed 2432K, reserved 1048576K
}
Event: 4.839 GC heap before
{Heap before GC invocations=7 (full 0):
 PSYoungGen      total 265728K, used 29300K [0x00000000d8000000, 0x00000000e9900000, 0x0000000100000000)
  eden space 245248K, 6% used [0x00000000d8000000,0x00000000d8ea0358,0x00000000e6f80000)
  from space 20480K, 69% used [0x00000000e8400000,0x00000000e91fd070,0x00000000e9800000)
  to   space 20992K, 0% used [0x00000000e6f80000,0x00000000e6f80000,0x00000000e8400000)
 ParOldGen       total 81920K, used 29182K [0x0000000088000000, 0x000000008d000000, 0x00000000d8000000)
  object space 81920K, 35% used [0x0000000088000000,0x0000000089c7fa78,0x000000008d000000)
 Metaspace       used 20436K, capacity 21110K, committed 21296K, reserved 1069056K
  class space    used 2383K, capacity 2570K, committed 2688K, reserved 1048576K
Event: 4.880 GC heap after
Heap after GC invocations=7 (full 0):
 PSYoungGen      total 266240K, used 13863K [0x00000000d8000000, 0x00000000f8800000, 0x0000000100000000)
  eden space 245248K, 0% used [0x00000000d8000000,0x00000000d8000000,0x00000000e6f80000)
  from space 20992K, 66% used [0x00000000e6f80000,0x00000000e7d09da8,0x00000000e8400000)
  to   space 20992K, 0% used [0x00000000f7380000,0x00000000f7380000,0x00000000f8800000)
 ParOldGen       total 81920K, used 30238K [0x0000000088000000, 0x000000008d000000, 0x00000000d8000000)
  object space 81920K, 36% used [0x0000000088000000,0x0000000089d87ac8,0x000000008d000000)
 Metaspace       used 20436K, capacity 21110K, committed 21296K, reserved 1069056K
  class space    used 2383K, capacity 2570K, committed 2688K, reserved 1048576K
}
Event: 4.880 GC heap before
{Heap before GC invocations=8 (full 1):
 PSYoungGen      total 266240K, used 13863K [0x00000000d8000000, 0x00000000f8800000, 0x0000000100000000)
  eden space 245248K, 0% used [0x00000000d8000000,0x00000000d8000000,0x00000000e6f80000)
  from space 20992K, 66% used [0x00000000e6f80000,0x00000000e7d09da8,0x00000000e8400000)
  to   space 20992K, 0% used [0x00000000f7380000,0x00000000f7380000,0x00000000f8800000)
 ParOldGen       total 81920K, used 30238K [0x0000000088000000, 0x000000008d000000, 0x00000000d8000000)
  object space 81920K, 36% used [0x0000000088000000,0x0000000089d87ac8,0x000000008d000000)
 Metaspace       used 20436K, capacity 21110K, committed 21296K, reserved 1069056K
  class space    used 2383K, capacity 2570K, committed 2688K, reserved 1048576K
Event: 5.062 GC heap after
Heap after GC invocations=8 (full 1):
 PSYoungGen      total 266240K, used 0K [0x00000000d8000000, 0x00000000f8800000, 0x0000000100000000)
  eden space 245248K, 0% used [0x00000000d8000000,0x00000000d8000000,0x00000000e6f80000)
  from space 20992K, 0% used [0x00000000e6f80000,0x00000000e6f80000,0x00000000e8400000)
  to   space 20992K, 0% used [0x00000000f7380000,0x00000000f7380000,0x00000000f8800000)
 ParOldGen       total 92160K, used 34415K [0x0000000088000000, 0x000000008da00000, 0x00000000d8000000)
  object space 92160K, 37% used [0x0000000088000000,0x000000008a19bf40,0x000000008da00000)
 Metaspace       used 20436K, capacity 21110K, committed 21296K, reserved 1069056K
  class space    used 2383K, capacity 2570K, committed 2688K, reserved 1048576K
}
Event: 8.398 GC heap before
{Heap before GC invocations=9 (full 1):
 PSYoungGen      total 266240K, used 244943K [0x00000000d8000000, 0x00000000f8800000, 0x0000000100000000)
  eden space 245248K, 99% used [0x00000000d8000000,0x00000000e6f33dc0,0x00000000e6f80000)
  from space 20992K, 0% used [0x00000000e6f80000,0x00000000e6f80000,0x00000000e8400000)
  to   space 20992K, 0% used [0x00000000f7380000,0x00000000f7380000,0x00000000f8800000)
 ParOldGen       total 92160K, used 34415K [0x0000000088000000, 0x000000008da00000, 0x00000000d8000000)
  object space 92160K, 37% used [0x0000000088000000,0x000000008a19bf40,0x000000008da00000)
 Metaspace       used 28758K, capacity 29830K, committed 30208K, reserved 1075200K
  class space    used 3447K, capacity 3718K, committed 3840K, reserved 1048576K
Event: 8.566 GC heap after
Heap after GC invocations=9 (full 1):
 PSYoungGen      total 404480K, used 20983K [0x00000000d8000000, 0x00000000f8800000, 0x0000000100000000)
  eden space 383488K, 0% used [0x00000000d8000000,0x00000000d8000000,0x00000000ef680000)
  from space 20992K, 99% used [0x00000000f7380000,0x00000000f87fdf50,0x00000000f8800000)
  to   space 31744K, 0% used [0x00000000f4a00000,0x00000000f4a00000,0x00000000f6900000)
 ParOldGen       total 92160K, used 52365K [0x0000000088000000, 0x000000008da00000, 0x00000000d8000000)
  object space 92160K, 56% used [0x0000000088000000,0x000000008b323578,0x000000008da00000)
 Metaspace       used 28758K, capacity 29830K, committed 30208K, reserved 1075200K
  class space    used 3447K, capacity 3718K, committed 3840K, reserved 1048576K
}
Event: 16.841 GC heap before
{Heap before GC invocations=10 (full 1):
 PSYoungGen      total 404480K, used 345162K [0x00000000d8000000, 0x00000000f8800000, 0x0000000100000000)
  eden space 383488K, 84% used [0x00000000d8000000,0x00000000ebc94c68,0x00000000ef680000)
  from space 20992K, 99% used [0x00000000f7380000,0x00000000f87fdf50,0x00000000f8800000)
  to   space 31744K, 0% used [0x00000000f4a00000,0x00000000f4a00000,0x00000000f6900000)
 ParOldGen       total 92160K, used 52365K [0x0000000088000000, 0x000000008da00000, 0x00000000d8000000)
  object space 92160K, 56% used [0x0000000088000000,0x000000008b323578,0x000000008da00000)
 Metaspace       used 33808K, capacity 35362K, committed 35456K, reserved 1081344K
  class space    used 4024K, capacity 4437K, committed 4480K, reserved 1048576K
Event: 17.021 GC heap after
Heap after GC invocations=10 (full 1):
 PSYoungGen      total 500736K, used 31741K [0x00000000d8000000, 0x00000000fc400000, 0x0000000100000000)
  eden space 468992K, 0% used [0x00000000d8000000,0x00000000d8000000,0x00000000f4a00000)
  from space 31744K, 99% used [0x00000000f4a00000,0x00000000f68ff600,0x00000000f6900000)
  to   space 45568K, 0% used [0x00000000f9780000,0x00000000f9780000,0x00000000fc400000)
 ParOldGen       total 92160K, used 74749K [0x0000000088000000, 0x000000008da00000, 0x00000000d8000000)
  object space 92160K, 81% used [0x0000000088000000,0x000000008c8ff6c0,0x000000008da00000)
 Metaspace       used 33808K, capacity 35362K, committed 35456K, reserved 1081344K
  class space    used 4024K, capacity 4437K, committed 4480K, reserved 1048576K
}
Event: 17.021 GC heap before
{Heap before GC invocations=11 (full 2):
 PSYoungGen      total 500736K, used 31741K [0x00000000d8000000, 0x00000000fc400000, 0x0000000100000000)
  eden space 468992K, 0% used [0x00000000d8000000,0x00000000d8000000,0x00000000f4a00000)
  from space 31744K, 99% used [0x00000000f4a00000,0x00000000f68ff600,0x00000000f6900000)
  to   space 45568K, 0% used [0x00000000f9780000,0x00000000f9780000,0x00000000fc400000)
 ParOldGen       total 92160K, used 74749K [0x0000000088000000, 0x000000008da00000, 0x00000000d8000000)
  object space 92160K, 81% used [0x0000000088000000,0x000000008c8ff6c0,0x000000008da00000)
 Metaspace       used 33808K, capacity 35362K, committed 35456K, reserved 1081344K
  class space    used 4024K, capacity 4437K, committed 4480K, reserved 1048576K

Deoptimization events (10 events):
Event: 12.345 Thread 0x00007fcfd000b000 Uncommon trap: reason=array_check action=maybe_recompile pc=0x00007fcfc1dc62c4 method=java.util.ComparableTimSort.binarySort([Ljava/lang/Object;III)V @ 215
Event: 12.388 Thread 0x00007fcfd000b000 Uncommon trap: reason=array_check action=maybe_recompile pc=0x00007fcfc20d2a10 method=java.util.ComparableTimSort.binarySort([Ljava/lang/Object;III)V @ 183
Event: 12.389 Thread 0x00007fcfd000b000 Uncommon trap: reason=array_check action=maybe_recompile pc=0x00007fcfc20d098c method=java.util.ComparableTimSort.binarySort([Ljava/lang/Object;III)V @ 215
Event: 14.123 Thread 0x00007fcfd000b000 Uncommon trap: reason=unstable_if action=reinterpret pc=0x00007fcfc1eb2f24 method=java.util.concurrent.ConcurrentHashMap.replaceNode(Ljava/lang/Object;Ljava/lang/Object;Ljava/lang/Object;)Ljava/lang/Object; @ 203
Event: 15.942 Thread 0x00007fcfd000b000 Uncommon trap: reason=unstable_if action=reinterpret pc=0x00007fcfc1d541f4 method=java.util.WeakHashMap.eq(Ljava/lang/Object;Ljava/lang/Object;)Z @ 10
Event: 15.942 Thread 0x00007fcfd000b000 Uncommon trap: reason=unstable_if action=reinterpret pc=0x00007fcfc1db2c6c method=java.util.WeakHashMap.eq(Ljava/lang/Object;Ljava/lang/Object;)Z @ 10
Event: 16.577 Thread 0x00007fcfd000b000 Uncommon trap: reason=array_check action=maybe_recompile pc=0x00007fcfc20d7480 method=java.util.ComparableTimSort.binarySort([Ljava/lang/Object;III)V @ 193
Event: 16.578 Thread 0x00007fcfd000b000 Uncommon trap: reason=array_check action=maybe_recompile pc=0x00007fcfc20d7480 method=java.util.ComparableTimSort.binarySort([Ljava/lang/Object;III)V @ 193
Event: 16.615 Thread 0x00007fcfd000b000 Uncommon trap: reason=unstable_if action=reinterpret pc=0x00007fcfc1e3c47c method=com.sun.tools.javac.util.Name$Table.equals([BI[BII)Z @ 22
Event: 16.682 Thread 0x00007fcfd000b000 Uncommon trap: reason=unstable_if action=reinterpret pc=0x00007fcfc204e710 method=com.sun.tools.javac.jvm.ClassReader.sigToType()Lcom/sun/tools/javac/code/Type; @ 288

Classes redefined (0 events):
No events

Internal exceptions (10 events):
Event: 8.278 Thread 0x00007fcfd000b000 Exception <a 'java/lang/NoSuchMethodError': org.apache.maven.execution.MavenExecutionRequest.getFailureBehavior()Ljava/lang/String;> (0x00000000e6281a78) thrown at [/HUDSON/workspace/8-2-build-linux-amd64/jdk8u181/11358/hotspot/src/share/vm/interpreter/li
Event: 11.057 Thread 0x00007fcfd000b000 Implicit null exception at 0x00007fcfc1ec7f64 to 0x00007fcfc1ec8b11
Event: 11.782 Thread 0x00007fcfd000b000 Exception <a 'java/io/FileNotFoundException'> (0x00000000de699d48) thrown at [/HUDSON/workspace/8-2-build-linux-amd64/jdk8u181/11358/hotspot/src/share/vm/prims/jni.cpp, line 709]
Event: 11.782 Thread 0x00007fcfd000b000 Exception <a 'java/io/FileNotFoundException'> (0x00000000de69b168) thrown at [/HUDSON/workspace/8-2-build-linux-amd64/jdk8u181/11358/hotspot/src/share/vm/prims/jni.cpp, line 709]
Event: 12.311 Thread 0x00007fcfd000b000 Exception <a 'java/io/FileNotFoundException'> (0x00000000e087ddd8) thrown at [/HUDSON/workspace/8-2-build-linux-amd64/jdk8u181/11358/hotspot/src/share/vm/prims/jni.cpp, line 709]
Event: 12.312 Thread 0x00007fcfd000b000 Exception <a 'java/io/FileNotFoundException'> (0x00000000e087f2c8) thrown at [/HUDSON/workspace/8-2-build-linux-amd64/jdk8u181/11358/hotspot/src/share/vm/prims/jni.cpp, line 709]
Event: 12.868 Thread 0x00007fcfd000b000 Exception <a 'java/lang/NoSuchMethodError': org.apache.maven.execution.MavenExecutionRequest.getFailureBehavior()Ljava/lang/String;> (0x00000000e1a916a0) thrown at [/HUDSON/workspace/8-2-build-linux-amd64/jdk8u181/11358/hotspot/src/share/vm/interpreter/li
Event: 13.988 Thread 0x00007fcfd000b000 Exception <a 'java/lang/NoClassDefFoundError': org/sonatype/aether/graph/Dependency> (0x00000000e6126920) thrown at [/HUDSON/workspace/8-2-build-linux-amd64/jdk8u181/11358/hotspot/src/share/vm/classfile/systemDictionary.cpp, line 199]
Event: 16.576 Thread 0x00007fcfd000b000 Exception <a 'java/io/FileNotFoundException'> (0x00000000eb0ae7f0) thrown at [/HUDSON/workspace/8-2-build-linux-amd64/jdk8u181/11358/hotspot/src/share/vm/prims/jni.cpp, line 709]
Event: 16.576 Thread 0x00007fcfd000b000 Exception <a 'java/io/FileNotFoundException'> (0x00000000eb0afc10) thrown at [/HUDSON/workspace/8-2-build-linux-amd64/jdk8u181/11358/hotspot/src/share/vm/prims/jni.cpp, line 709]

Events (10 events):
Event: 16.625 loading class com/sun/tools/javac/code/Symbol$VarSymbol$2
Event: 16.625 loading class com/sun/tools/javac/code/Symbol$VarSymbol$2 done
Event: 16.682 Thread 0x00007fcfd000b000 Uncommon trap: trap_request=0xffffff65 fr.pc=0x00007fcfc204e710
Event: 16.682 Thread 0x00007fcfd000b000 DEOPT PACKING pc=0x00007fcfc204e710 sp=0x00007fcfd831c870
Event: 16.682 Thread 0x00007fcfd000b000 DEOPT UNPACKING pc=0x00007fcfc104573a sp=0x00007fcfd831c830 mode 2
Event: 16.753 loading class com/sun/tools/javac/tree/Pretty$1
Event: 16.753 loading class com/sun/tools/javac/tree/Pretty$1 done
Event: 16.755 loading class com/sun/tools/javac/tree/JCTree$1
Event: 16.755 loading class com/sun/tools/javac/tree/JCTree$1 done
Event: 16.756 Executing VM operation: CollectForMetadataAllocation


Dynamic libraries:
00400000-00401000 r-xp 00000000 08:02 2108323                            /usr/lib/jvm/java-8-oracle/bin/java
00600000-00601000 rw-p 00000000 08:02 2108323                            /usr/lib/jvm/java-8-oracle/bin/java
00eb6000-00ed7000 rw-p 00000000 00:00 0                                  [heap]
88000000-8da00000 rw-p 00000000 00:00 0 
93d80000-d8000000 ---p 00000000 00:00 0 
d8000000-fc400000 rw-p 00000000 00:00 0 
fc400000-100000000 ---p 00000000 00:00 0 
100000000-100460000 rw-p 00000000 00:00 0 
100460000-140000000 ---p 00000000 00:00 0 
7fcf74000000-7fcf740c6000 rw-p 00000000 00:00 0 
7fcf740c6000-7fcf78000000 ---p 00000000 00:00 0 
7fcf78000000-7fcf780c6000 rw-p 00000000 00:00 0 
7fcf780c6000-7fcf7c000000 ---p 00000000 00:00 0 
7fcf7c000000-7fcf7c0ce000 rw-p 00000000 00:00 0 
7fcf7c0ce000-7fcf80000000 ---p 00000000 00:00 0 
7fcf80000000-7fcf800c9000 rw-p 00000000 00:00 0 
7fcf800c9000-7fcf84000000 ---p 00000000 00:00 0 
7fcf84000000-7fcf84021000 rw-p 00000000 00:00 0 
7fcf84021000-7fcf88000000 ---p 00000000 00:00 0 
7fcf88000000-7fcf88021000 rw-p 00000000 00:00 0 
7fcf88021000-7fcf8c000000 ---p 00000000 00:00 0 
7fcf8c000000-7fcf8e216000 rw-p 00000000 00:00 0 
7fcf8e216000-7fcf90000000 ---p 00000000 00:00 0 
7fcf90000000-7fcf9166d000 rw-p 00000000 00:00 0 
7fcf9166d000-7fcf94000000 ---p 00000000 00:00 0 
7fcf94000000-7fcf94021000 rw-p 00000000 00:00 0 
7fcf94021000-7fcf98000000 ---p 00000000 00:00 0 
7fcf98000000-7fcf9a396000 rw-p 00000000 00:00 0 
7fcf9a396000-7fcf9c000000 ---p 00000000 00:00 0 
7fcf9c000000-7fcf9c021000 rw-p 00000000 00:00 0 
7fcf9c021000-7fcfa0000000 ---p 00000000 00:00 0 
7fcfa0000000-7fcfa0021000 rw-p 00000000 00:00 0 
7fcfa0021000-7fcfa4000000 ---p 00000000 00:00 0 
7fcfa4000000-7fcfa4021000 rw-p 00000000 00:00 0 
7fcfa4021000-7fcfa8000000 ---p 00000000 00:00 0 
7fcfa8000000-7fcfa8292000 rw-p 00000000 00:00 0 
7fcfa8292000-7fcfac000000 ---p 00000000 00:00 0 
7fcfac000000-7fcfac021000 rw-p 00000000 00:00 0 
7fcfac021000-7fcfb0000000 ---p 00000000 00:00 0 
7fcfb027b000-7fcfb028e000 r--s 00135000 08:02 3813125                    /home/abhishek/.m2/repository/com/fasterxml/jackson/core/jackson-databind/2.9.5/jackson-databind-2.9.5.jar
7fcfb028e000-7fcfb0290000 r--s 00007000 08:02 3813123                    /home/abhishek/.m2/repository/org/springframework/cloud/spring-cloud-config-client/2.0.1.RELEASE/spring-cloud-config-client-2.0.1.RELEASE.jar
7fcfb0290000-7fcfb0291000 r--s 00000000 08:02 3813121                    /home/abhishek/.m2/repository/org/springframework/cloud/spring-cloud-starter-config/2.0.1.RELEASE/spring-cloud-starter-config-2.0.1.RELEASE.jar
7fcfb0291000-7fcfb0294000 r--s 0016d000 08:02 3814533                    /home/abhishek/.m2/repository/org/xerial/snappy/snappy-java/1.1.4/snappy-java-1.1.4.jar
7fcfb0294000-7fcfb0297000 r--s 00058000 08:02 3814531                    /home/abhishek/.m2/repository/org/lz4/lz4-java/1.4/lz4-java-1.4.jar
7fcfb0297000-7fcfb02b3000 r--s 0016a000 08:02 3814529                    /home/abhishek/.m2/repository/org/apache/kafka/kafka-clients/1.0.1/kafka-clients-1.0.1.jar
7fcfb02b3000-7fcfb02b7000 r--s 0001c000 08:02 3814527                    /home/abhishek/.m2/repository/org/springframework/retry/spring-retry/1.2.2.RELEASE/spring-retry-1.2.2.RELEASE.jar
7fcfb02b7000-7fcfb02bf000 r--s 00037000 08:02 3814524                    /home/abhishek/.m2/repository/org/springframework/spring-tx/5.0.6.RELEASE/spring-tx-5.0.6.RELEASE.jar
7fcfb02bf000-7fcfb02c8000 r--s 00054000 08:02 3814522                    /home/abhishek/.m2/repository/org/springframework/spring-messaging/5.0.6.RELEASE/spring-messaging-5.0.6.RELEASE.jar
7fcfb02c8000-7fcfb02e2000 r--s 000f1000 08:02 3813117                    /home/abhishek/.m2/repository/org/springframework/spring-context/5.0.6.RELEASE/spring-context-5.0.6.RELEASE.jar
7fcfb02e2000-7fcfb02e9000 r--s 0003c000 08:02 3814520                    /home/abhishek/.m2/repository/org/springframework/kafka/spring-kafka/2.1.6.RELEASE/spring-kafka-2.1.6.RELEASE.jar
7fcfb02e9000-7fcfb02eb000 r--s 00005000 08:02 3813029                    /home/abhishek/.m2/repository/xpp3/xpp3_min/1.1.4c/xpp3_min-1.1.4c.jar
7fcfb02eb000-7fcfb02ec000 r--s 00001000 08:02 3813027                    /home/abhishek/.m2/repository/xmlpull/xmlpull/1.1.3.1/xmlpull-1.1.3.1.jar
7fcfb02ec000-7fcfb02fa000 r--s 00082000 08:02 3813025                    /home/abhishek/.m2/repository/com/thoughtworks/xstream/xstream/1.4.10/xstream-1.4.10.jar
7fcfb02fa000-7fcfb02fc000 r--s 00003000 08:02 3813021                    /home/abhishek/.m2/repository/com/netflix/ribbon/ribbon-eureka/2.2.5/ribbon-eureka-2.2.5.jar
7fcfb02fc000-7fcfb0315000 r--s 00102000 08:02 3813017                    /home/abhishek/.m2/repository/io/reactivex/rxjava/1.3.8/rxjava-1.3.8.jar
7fcfb0315000-7fcfb0319000 r--s 00024000 08:02 3813009                    /home/abhishek/.m2/repository/com/netflix/ribbon/ribbon-loadbalancer/2.2.5/ribbon-loadbalancer-2.2.5.jar
7fcfb0319000-7fcfb031b000 r--s 0000c000 08:02 3812996                    /home/abhishek/.m2/repository/com/netflix/ribbon/ribbon-httpclient/2.2.5/ribbon-httpclient-2.2.5.jar
7fcfb031b000-7fcfb031f000 r--s 00011000 08:02 3812992                    /home/abhishek/.m2/repository/com/netflix/ribbon/ribbon-core/2.2.5/ribbon-core-2.2.5.jar
7fcfb031f000-7fcfb0323000 r--s 00012000 08:02 3812265                    /home/abhishek/.m2/repository/com/netflix/ribbon/ribbon/2.2.5/ribbon-2.2.5.jar
7fcfb0323000-7fcfb0324000 r--s 00000000 08:02 3812197                    /home/abhishek/.m2/repository/org/springframework/cloud/spring-cloud-starter-netflix-ribbon/2.0.1.RELEASE/spring-cloud-starter-netflix-ribbon-2.0.1.RELEASE.jar
7fcfb0324000-7fcfb0329000 r--s 00041000 08:02 3811974                    /home/abhishek/.m2/repository/commons-lang/commons-lang/2.6/commons-lang-2.6.jar
7fcfb0329000-7fcfb0330000 r--s 00050000 08:02 3811870                    /home/abhishek/.m2/repository/commons-configuration/commons-configuration/1.8/commons-configuration-1.8.jar
7fcfb0330000-7fcfb0332000 r--s 00002000 08:02 3811796                    /home/abhishek/.m2/repository/org/springframework/cloud/spring-cloud-netflix-archaius/2.0.1.RELEASE/spring-cloud-netflix-archaius-2.0.1.RELEASE.jar
7fcfb0332000-7fcfb0336000 r--s 00016000 08:02 3811737                    /home/abhishek/.m2/repository/org/springframework/cloud/spring-cloud-netflix-ribbon/2.0.1.RELEASE/spring-cloud-netflix-ribbon-2.0.1.RELEASE.jar
7fcfb0336000-7fcfb0337000 r--s 00000000 08:02 3811700                    /home/abhishek/.m2/repository/org/springframework/cloud/spring-cloud-starter-netflix-archaius/2.0.1.RELEASE/spring-cloud-starter-netflix-archaius-2.0.1.RELEASE.jar
7fcfb0337000-7fcfb033c000 r--s 00039000 08:02 3807316                    /home/abhishek/.m2/repository/com/netflix/eureka/eureka-core/1.9.3/eureka-core-1.9.3.jar
7fcfb033c000-7fcfb0340000 r--s 0004b000 08:02 3807306                    /home/abhishek/.m2/repository/com/fasterxml/jackson/core/jackson-core/2.9.5/jackson-core-2.9.5.jar
7fcfb0340000-7fcfb0343000 r--s 0000e000 08:02 3807302                    /home/abhishek/.m2/repository/com/fasterxml/jackson/core/jackson-annotations/2.9.0/jackson-annotations-2.9.0.jar
7fcfb0343000-7fcfb0347000 r--s 0001f000 08:02 3807231                    /home/abhishek/.m2/repository/com/netflix/archaius/archaius-core/0.7.6/archaius-core-0.7.6.jar
7fcfb0347000-7fcfb0351000 r--s 00062000 08:02 3807177                    /home/abhishek/.m2/repository/com/netflix/eureka/eureka-client/1.9.3/eureka-client-1.9.3.jar
7fcfb0351000-7fcfb0354000 r--s 00015000 08:02 3807173                    /home/abhishek/.m2/repository/org/springframework/cloud/spring-cloud-netflix-eureka-client/2.0.1.RELEASE/spring-cloud-netflix-eureka-client-2.0.1.RELEASE.jar
7fcfb0354000-7fcfb036d000 r--s 001bf000 08:02 3807169                    /home/abhishek/.m2/repository/org/aspectj/aspectjweaver/1.8.13/aspectjweaver-1.8.13.jar
7fcfb036d000-7fcfb036e000 r--s 00000000 08:02 3807165                    /home/abhishek/.m2/repository/org/springframework/boot/spring-boot-starter-aop/2.0.2.RELEASE/spring-boot-starter-aop-2.0.2.RELEASE.jar
7fcfb036e000-7fcfb0370000 r--s 00005000 08:02 3805662                    /home/abhishek/.m2/repository/org/springframework/cloud/spring-cloud-netflix-core/2.0.1.RELEASE/spring-cloud-netflix-core-2.0.1.RELEASE.jar
7fcfb0370000-7fcfb03bb000 r--s 002ff000 08:02 3805564                    /home/abhishek/.m2/repository/org/bouncycastle/bcprov-jdk15on/1.56/bcprov-jdk15on-1.56.jar
7fcfb03bb000-7fcfb03cc000 r--s 00097000 08:02 3805546                    /home/abhishek/.m2/repository/org/bouncycastle/bcpkix-jdk15on/1.56/bcpkix-jdk15on-1.56.jar
7fcfb03cc000-7fcfb03cd000 r--s 00004000 08:02 3805542                    /home/abhishek/.m2/repository/org/springframework/security/spring-security-rsa/1.0.5.RELEASE/spring-security-rsa-1.0.5.RELEASE.jar
7fcfb03cd000-7fcfb03d2000 r--s 0001b000 08:02 3805538                    /home/abhishek/.m2/repository/org/springframework/cloud/spring-cloud-commons/2.0.1.RELEASE/spring-cloud-commons-2.0.1.RELEASE.jar
7fcfb03d2000-7fcfb03d4000 r--s 00010000 08:02 3805534                    /home/abhishek/.m2/repository/org/springframework/security/spring-security-crypto/5.0.5.RELEASE/spring-security-crypto-5.0.5.RELEASE.jar
7fcfb03d4000-7fcfb03d8000 r--s 00016000 08:02 3805530                    /home/abhishek/.m2/repository/org/springframework/cloud/spring-cloud-context/2.0.1.RELEASE/spring-cloud-context-2.0.1.RELEASE.jar
7fcfb03d8000-7fcfb03d9000 r--s 00000000 08:02 3805506                    /home/abhishek/.m2/repository/org/springframework/cloud/spring-cloud-starter/2.0.1.RELEASE/spring-cloud-starter-2.0.1.RELEASE.jar
7fcfb03d9000-7fcfb03da000 r--s 00000000 08:02 3805445                    /home/abhishek/.m2/repository/org/springframework/cloud/spring-cloud-starter-netflix-eureka-client/2.0.1.RELEASE/spring-cloud-starter-netflix-eureka-client-2.0.1.RELEASE.jar
7fcfb03da000-7fcfb03dc000 r--s 00009000 08:02 3813023                    /home/abhishek/.m2/repository/org/slf4j/slf4j-api/1.7.25/slf4j-api-1.7.25.jar
7fcfb03dc000-7fcfb03f3000 r--s 000f0000 08:02 3814518                    /home/abhishek/.m2/repository/org/springframework/data/spring-data-commons/2.0.7.RELEASE/spring-data-commons-2.0.7.RELEASE.jar
7fcfb03f3000-7fcfb0410000 r--s 00113000 08:02 3814516                    /home/abhishek/.m2/repository/org/springframework/data/spring-data-mongodb/2.0.7.RELEASE/spring-data-mongodb-2.0.7.RELEASE.jar
7fcfb0410000-7fcfb0426000 r--s 000fb000 08:02 3814514                    /home/abhishek/.m2/repository/org/mongodb/mongodb-driver-core/3.6.3/mongodb-driver-core-3.6.3.jar
7fcfb0426000-7fcfb042e000 r--s 00059000 08:02 3814512                    /home/abhishek/.m2/repository/org/mongodb/bson/3.6.3/bson-3.6.3.jar
7fcfb042e000-7fcfb0435000 r--s 00058000 08:02 3814510                    /home/abhishek/.m2/repository/org/mongodb/mongodb-driver/3.6.3/mongodb-driver-3.6.3.jar
7fcfb0435000-7fcfb0436000 r--s 00000000 08:02 3814508                    /home/abhishek/.m2/repository/org/springframework/boot/spring-boot-starter-data-mongodb/2.0.2.RELEASE/spring-boot-starter-data-mongodb-2.0.2.RELEASE.jar
7fcfb0436000-7fcfb043b000 r--s 00040000 08:02 3813119                    /home/abhishek/.m2/repository/org/springframework/spring-expression/5.0.6.RELEASE/spring-expression-5.0.6.RELEASE.jar
7fcfb043b000-7fcfb0444000 r--s 00051000 08:02 3813115                    /home/abhishek/.m2/repository/org/springframework/spring-aop/5.0.6.RELEASE/spring-aop-5.0.6.RELEASE.jar
7fcfb0444000-7fcfb0453000 r--s 000b2000 08:02 3813113                    /home/abhishek/.m2/repository/org/springframework/spring-webmvc/5.0.6.RELEASE/spring-webmvc-5.0.6.RELEASE.jar
7fcfb0453000-7fcfb045f000 r--s 00096000 08:02 3813111                    /home/abhishek/.m2/repository/org/springframework/spring-beans/5.0.6.RELEASE/spring-beans-5.0.6.RELEASE.jar
7fcfb045f000-7fcfb0479000 r--s 00119000 08:02 3813109                    /home/abhishek/.m2/repository/org/springframework/spring-web/5.0.6.RELEASE/spring-web-5.0.6.RELEASE.jar
7fcfb0479000-7fcfb047b000 r--s 0000e000 08:02 3813107                    /home/abhishek/.m2/repository/com/fasterxml/classmate/1.3.4/classmate-1.3.4.jar
7fcfb047b000-7fcfb047d000 r--s 0000f000 08:02 3813105                    /home/abhishek/.m2/repository/org/jboss/logging/jboss-logging/3.3.2.Final/jboss-logging-3.3.2.Final.jar
7fcfb047d000-7fcfb0482000 r--s 00012000 08:02 3813103                    /home/abhishek/.m2/repository/javax/validation/validation-api/2.0.1.Final/validation-api-2.0.1.Final.jar
7fcfb0482000-7fcfb049f000 r--s 000f8000 08:02 3813101                    /home/abhishek/.m2/repository/org/hibernate/validator/hibernate-validator/6.0.9.Final/hibernate-validator-6.0.9.Final.jar
7fcfb049f000-7fcfb04a4000 r--s 0003a000 08:02 3813099                    /home/abhishek/.m2/repository/org/apache/tomcat/embed/tomcat-embed-websocket/8.5.31/tomcat-embed-websocket-8.5.31.jar
7fcfb04a4000-7fcfb04a8000 r--s 00037000 08:02 3813097                    /home/abhishek/.m2/repository/org/apache/tomcat/embed/tomcat-embed-el/8.5.31/tomcat-embed-el-8.5.31.jar
7fcfb04a8000-7fcfb04d1000 r--s 002d0000 08:02 3813095                    /home/abhishek/.m2/repository/org/apache/tomcat/embed/tomcat-embed-core/8.5.31/tomcat-embed-core-8.5.31.jar
7fcfb04d1000-7fcfb04d2000 r--s 00000000 08:02 3813093                    /home/abhishek/.m2/repository/org/springframework/boot/spring-boot-starter-tomcat/2.0.2.RELEASE/spring-boot-starter-tomcat-2.0.2.RELEASE.jar
7fcfb04d2000-7fcfb04d4000 r--s 00001000 08:02 3813091                    /home/abhishek/.m2/repository/com/fasterxml/jackson/module/jackson-module-parameter-names/2.9.5/jackson-module-parameter-names-2.9.5.jar
7fcfb04d4000-7fcfb04d7000 r--s 00016000 08:02 3813089                    /home/abhishek/.m2/repository/com/fasterxml/jackson/datatype/jackson-datatype-jsr310/2.9.5/jackson-datatype-jsr310-2.9.5.jar
7fcfb04d7000-7fcfb04d9000 r--s 00007000 08:02 3813087                    /home/abhishek/.m2/repository/com/fasterxml/jackson/datatype/jackson-datatype-jdk8/2.9.5/jackson-datatype-jdk8-2.9.5.jar
7fcfb04d9000-7fcfb04da000 r--s 00000000 08:02 3813085                    /home/abhishek/.m2/repository/org/springframework/boot/spring-boot-starter-json/2.0.2.RELEASE/spring-boot-starter-json-2.0.2.RELEASE.jar
7fcfb04da000-7fcfb04dc000 r--s 00005000 08:02 3813081                    /home/abhishek/.m2/repository/javax/annotation/javax.annotation-api/1.3.2/javax.annotation-api-1.3.2.jar
7fcfb04dc000-7fcfb04de000 r--s 00000000 08:02 3813079                    /home/abhishek/.m2/repository/org/slf4j/jul-to-slf4j/1.7.25/jul-to-slf4j-1.7.25.jar
7fcfb04de000-7fcfb04e4000 r--s 00039000 08:02 3813077                    /home/abhishek/.m2/repository/org/apache/logging/log4j/log4j-api/2.10.0/log4j-api-2.10.0.jar
7fcfb04e4000-7fcfb04e6000 r--s 00003000 08:02 3813075                    /home/abhishek/.m2/repository/org/apache/logging/log4j/log4j-to-slf4j/2.10.0/log4j-to-slf4j-2.10.0.jar
7fcfb04e6000-7fcfb04f1000 r--s 00069000 08:02 3813073                    /home/abhishek/.m2/repository/ch/qos/logback/logback-core/1.2.3/logback-core-1.2.3.jar
7fcfb04f1000-7fcfb04f7000 r--s 00041000 08:02 3813071                    /home/abhishek/.m2/repository/ch/qos/logback/logback-classic/1.2.3/logback-classic-1.2.3.jar
7fcfb04f7000-7fcfb04f8000 r--s 00000000 08:02 3813069                    /home/abhishek/.m2/repository/org/springframework/boot/spring-boot-starter-logging/2.0.2.RELEASE/spring-boot-starter-logging-2.0.2.RELEASE.jar
7fcfb04f8000-7fcfb0519000 r--s 000fb000 08:02 3807159                    /home/abhishek/.m2/repository/org/springframework/boot/spring-boot-autoconfigure/2.0.2.RELEASE/spring-boot-autoconfigure-2.0.2.RELEASE.jar
7fcfb0519000-7fcfb052e000 r--s 000ce000 08:02 3813067                    /home/abhishek/.m2/repository/org/springframework/boot/spring-boot/2.0.2.RELEASE/spring-boot-2.0.2.RELEASE.jar
7fcfb052e000-7fcfb052f000 r--s 00000000 08:02 3813065                    /home/abhishek/.m2/repository/org/springframework/boot/spring-boot-starter/2.0.2.RELEASE/spring-boot-starter-2.0.2.RELEASE.jar
7fcfb052f000-7fcfb056f000 rw-p 00000000 00:00 0 
7fcfb056f000-7fcfb072f000 ---p 00000000 00:00 0 
7fcfb072f000-7fcfb0730000 r--s 00000000 08:02 3813063                    /home/abhishek/.m2/repository/org/springframework/boot/spring-boot-starter-web/2.0.2.RELEASE/spring-boot-starter-web-2.0.2.RELEASE.jar
7fcfb0730000-7fcfb0930000 rw-p 00000000 00:00 0 
7fcfb0930000-7fcfb0b30000 rw-p 00000000 00:00 0 
7fcfb0b30000-7fcfb0d30000 rw-p 00000000 00:00 0 
7fcfb0d30000-7fcfb0d51000 r--s 00172000 08:02 3816315                    /home/abhishek/.m2/repository/com/google/guava/guava/11.0.2/guava-11.0.2.jar
7fcfb0d51000-7fcfb0d52000 r--s 00008000 08:02 3816314                    /home/abhishek/.m2/repository/asm/asm-util/3.2/asm-util-3.2.jar
7fcfb0d52000-7fcfb0d53000 r--s 00004000 08:02 3816310                    /home/abhishek/.m2/repository/asm/asm-analysis/3.2/asm-analysis-3.2.jar
7fcfb0d53000-7fcfb0d56000 r--s 00013000 08:02 3816309                    /home/abhishek/.m2/repository/commons-io/commons-io/1.3.2/commons-io-1.3.2.jar
7fcfb0d56000-7fcfb0d57000 r--s 00002000 08:02 3816306                    /home/abhishek/.m2/repository/org/vafer/jdependency/0.7/jdependency-0.7.jar
7fcfb0d57000-7fcfb0d5a000 r--s 0000c000 08:02 3816304                    /home/abhishek/.m2/repository/org/apache/maven/shared/maven-dependency-tree/2.1/maven-dependency-tree-2.1.jar
7fcfb0d5a000-7fcfb0d5d000 r--s 00023000 08:02 3816303                    /home/abhishek/.m2/repository/org/jdom/jdom/1.1/jdom-1.1.jar
7fcfb0d5d000-7fcfb0d5f000 r--s 00004000 08:02 3816301                    /home/abhishek/.m2/repository/asm/asm-tree/3.3.1/asm-tree-3.3.1.jar
7fcfb0d5f000-7fcfb0d61000 r--s 00008000 08:02 3816298                    /home/abhishek/.m2/repository/asm/asm-commons/3.3.1/asm-commons-3.3.1.jar
7fcfb0d61000-7fcfb0d62000 r--s 0000a000 08:02 3816297                    /home/abhishek/.m2/repository/asm/asm/3.3.1/asm-3.3.1.jar
7fcfb0d62000-7fcfb0d64000 r--s 00017000 08:02 3816291                    /home/abhishek/.m2/repository/org/apache/maven/plugins/maven-shade-plugin/2.2/maven-shade-plugin-2.2.jar
7fcfb0d64000-7fcfb0d68000 r--s 0000f000 08:02 3816288                    /home/abhishek/.m2/repository/org/codehaus/plexus/plexus-io/2.3.2/plexus-io-2.3.2.jar
7fcfb0d68000-7fcfb0d6c000 r--s 0001f000 08:02 3816286                    /home/abhishek/.m2/repository/org/codehaus/plexus/plexus-archiver/2.8.1/plexus-archiver-2.8.1.jar
7fcfb0d6c000-7fcfb0d7a000 r--s 0008f000 08:02 3816284                    /home/abhishek/.m2/repository/com/google/collections/google-collections/1.0/google-collections-1.0.jar
7fcfb0d7a000-7fcfb0d7b000 r--s 0000a000 08:02 3816282                    /home/abhishek/.m2/repository/commons-logging/commons-logging-api/1.1/commons-logging-api-1.1.jar
7fcfb0d7b000-7fcfb0d82000 r--s 00051000 08:02 3816281                    /home/abhishek/.m2/repository/log4j/log4j/1.2.12/log4j-1.2.12.jar
7fcfb0d82000-7fcfb0d86000 r--s 0001d000 08:02 3816280                    /home/abhishek/.m2/repository/org/apache/xbean/xbean-reflect/3.4/xbean-reflect-3.4.jar
7fcfb0d86000-7fcfb0d88000 r--s 00006000 08:02 3816266                    /home/abhishek/.m2/repository/org/apache/maven/shared/maven-common-artifact-filters/1.4/maven-common-artifact-filters-1.4.jar
7fcfb0d88000-7fcfb0d8e000 r--s 00042000 08:02 3816257                    /home/abhishek/.m2/repository/org/eclipse/sisu/org.eclipse.sisu.inject/0.0.0.M5/org.eclipse.sisu.inject-0.0.0.M5.jar
7fcfb0d8e000-7fcfb0d90000 r--s 00000000 08:02 3807290                    /home/abhishek/.m2/repository/aopalliance/aopalliance/1.0/aopalliance-1.0.jar
7fcfb0d90000-7fcfb0d98000 r--s 00050000 08:02 3816254                    /home/abhishek/.m2/repository/org/sonatype/sisu/sisu-guice/3.1.0/sisu-guice-3.1.0-no_aop.jar
7fcfb0d98000-7fcfb0d9b000 r--s 00008000 08:02 3816250                    /home/abhishek/.m2/repository/javax/enterprise/cdi-api/1.0/cdi-api-1.0.jar
7fcfb0d9b000-7fcfb0d9f000 r--s 0001d000 08:02 3816246                    /home/abhishek/.m2/repository/org/eclipse/aether/aether-util/0.9.0.M2/aether-util-0.9.0.M2.jar
7fcfb0d9f000-7fcfb0da2000 r--s 0000d000 08:02 3816226                    /home/abhishek/.m2/repository/org/codehaus/plexus/plexus-interpolation/1.21/plexus-interpolation-1.21.jar
7fcfb0da2000-7fcfb0da6000 r--s 00026000 08:02 3816224                    /home/abhishek/.m2/repository/org/apache/maven/shared/maven-shared-utils/0.7/maven-shared-utils-0.7.jar
7fcfb0da6000-7fcfb0da7000 r--s 00005000 08:02 3816222                    /home/abhishek/.m2/repository/org/apache/maven/maven-archiver/2.6/maven-archiver-2.6.jar
7fcfb0da7000-7fcfb0db1000 r--s 00078000 08:02 3816220                    /home/abhishek/.m2/repository/org/apache/commons/commons-compress/1.14/commons-compress-1.14.jar
7fcfb0db1000-7fcfb0db3000 r--s 00004000 08:02 3813166                    /home/abhishek/.m2/repository/org/springframework/spring-jcl/5.0.6.RELEASE/spring-jcl-5.0.6.RELEASE.jar
7fcfb0db3000-7fcfb0dcb000 r--s 00114000 08:02 3813164                    /home/abhishek/.m2/repository/org/springframework/spring-core/5.0.6.RELEASE/spring-core-5.0.6.RELEASE.jar
7fcfb0dcb000-7fcfb0dce000 r--s 00022000 08:02 3816218                    /home/abhishek/.m2/repository/org/springframework/boot/spring-boot-loader-tools/2.0.2.RELEASE/spring-boot-loader-tools-2.0.2.RELEASE.jar
7fcfb0dce000-7fcfb0dd0000 r--s 0000e000 08:02 3813731                    /home/abhishek/.m2/repository/org/springframework/boot/spring-boot-maven-plugin/2.0.2.RELEASE/spring-boot-maven-plugin-2.0.2.RELEASE.jar
7fcfb0dd0000-7fcfb0dd3000 ---p 00000000 00:00 0 
7fcfb0dd3000-7fcfb0ed1000 rw-p 00000000 00:00 0 
7fcfb0ed1000-7fcfb0ed4000 ---p 00000000 00:00 0 
7fcfb0ed4000-7fcfb0fd2000 rw-p 00000000 00:00 0 
7fcfb0fd2000-7fcfb0fd5000 ---p 00000000 00:00 0 
7fcfb0fd5000-7fcfb12d3000 rw-p 00000000 00:00 0 
7fcfb12d3000-7fcfb12d7000 r--s 00015000 08:02 3815530                    /home/abhishek/.m2/repository/org/tukaani/xz/1.5/xz-1.5.jar
7fcfb12d7000-7fcfb12d9000 r--s 0000d000 08:02 3815528                    /home/abhishek/.m2/repository/org/iq80/snappy/snappy/0.4/snappy-0.4.jar
7fcfb12d9000-7fcfb12e1000 r--s 00060000 08:02 3815526                    /home/abhishek/.m2/repository/org/apache/commons/commons-compress/1.11/commons-compress-1.11.jar
7fcfb12e1000-7fcfb12e4000 r--s 00012000 08:02 3815524                    /home/abhishek/.m2/repository/org/codehaus/plexus/plexus-io/2.7.1/plexus-io-2.7.1.jar
7fcfb12e4000-7fcfb12e9000 r--s 00029000 08:02 3815522                    /home/abhishek/.m2/repository/org/codehaus/plexus/plexus-archiver/3.4/plexus-archiver-3.4.jar
7fcfb12e9000-7fcfb12ec000 r--s 00023000 08:02 3815520                    /home/abhishek/.m2/repository/org/apache/maven/shared/maven-shared-utils/3.0.1/maven-shared-utils-3.0.1.jar
7fcfb12ec000-7fcfb12ed000 r--s 00005000 08:02 3815518                    /home/abhishek/.m2/repository/org/apache/maven/maven-archiver/3.1.1/maven-archiver-3.1.1.jar
7fcfb12ed000-7fcfb12ee000 r--s 00006000 08:02 3813727                    /home/abhishek/.m2/repository/org/apache/maven/plugins/maven-jar-plugin/3.0.2/maven-jar-plugin-3.0.2.jar
7fcfb12ee000-7fcfb12f1000 ---p 00000000 00:00 0 
7fcfb12f1000-7fcfb13ef000 rw-p 00000000 00:00 0 
7fcfb13ef000-7fcfb13f1000 r--s 00006000 08:02 3815833                    /home/abhishek/.m2/repository/org/codehaus/plexus/plexus-java/0.9.3/plexus-java-0.9.3.jar
7fcfb13f1000-7fcfb13f2000 r--s 00002000 08:02 3815818                    /home/abhishek/.m2/repository/org/apache/maven/reporting/maven-reporting-api/3.0/maven-reporting-api-3.0.jar
7fcfb13f2000-7fcfb13f4000 r--s 00003000 08:02 3815817                    /home/abhishek/.m2/repository/org/slf4j/jcl-over-slf4j/1.5.6/jcl-over-slf4j-1.5.6.jar
7fcfb13f4000-7fcfb13f6000 r--s 00001000 08:02 3815812                    /home/abhishek/.m2/repository/org/slf4j/slf4j-jdk14/1.5.6/slf4j-jdk14-1.5.6.jar
7fcfb13f6000-7fcfb13f8000 r--s 0000b000 08:02 3815805                    /home/abhishek/.m2/repository/org/codehaus/plexus/plexus-interpolation/1.11/plexus-interpolation-1.11.jar
7fcfb13f8000-7fcfb1400000 r--s 00049000 08:02 3815801                    /home/abhishek/.m2/repository/backport-util-concurrent/backport-util-concurrent/3.1/backport-util-concurrent-3.1.jar
7fcfb1400000-7fcfb1402000 r--s 00009000 08:02 3813154                    /home/abhishek/.m2/repository/org/hamcrest/hamcrest-core/1.3/hamcrest-core-1.3.jar
7fcfb1402000-7fcfb140a000 r--s 00045000 08:02 3813141                    /home/abhishek/.m2/repository/junit/junit/4.12/junit-4.12.jar
7fcfb140a000-7fcfb140e000 r--s 00034000 08:02 3815786                    /home/abhishek/.m2/repository/org/codehaus/plexus/plexus-utils/1.5.15/plexus-utils-1.5.15.jar
7fcfb140e000-7fcfb1413000 r--s 0003e000 08:02 3815782                    /home/abhishek/.m2/repository/org/apache/maven/surefire/surefire-booter/2.21.0/surefire-booter-2.21.0.jar
7fcfb1413000-7fcfb1415000 r--s 00002000 08:02 3815780                    /home/abhishek/.m2/repository/org/apache/maven/surefire/surefire-logger-api/2.21.0/surefire-logger-api-2.21.0.jar
7fcfb1415000-7fcfb141a000 r--s 00029000 08:02 3815778                    /home/abhishek/.m2/repository/org/apache/maven/surefire/surefire-api/2.21.0/surefire-api-2.21.0.jar
7fcfb141a000-7fcfb141b000 r--s 00003000 08:02 3815776                    /home/abhishek/.m2/repository/org/apache/maven/plugin-tools/maven-plugin-annotations/3.5/maven-plugin-annotations-3.5.jar
7fcfb141b000-7fcfb1424000 r--s 00077000 08:02 3815772                    /home/abhishek/.m2/repository/org/apache/maven/surefire/maven-surefire-common/2.21.0/maven-surefire-common-2.21.0.jar
7fcfb1424000-7fcfb1425000 r--s 00009000 08:02 3813723                    /home/abhishek/.m2/repository/org/apache/maven/plugins/maven-surefire-plugin/2.21.0/maven-surefire-plugin-2.21.0.jar
7fcfb1425000-7fcfb1625000 rw-p 00000000 00:00 0 
7fcfb1625000-7fcfb1825000 rw-p 00000000 00:00 0 
7fcfb1825000-7fcfb189e000 r--s 010f9000 08:02 2108430                    /usr/lib/jvm/java-8-oracle/lib/tools.jar
7fcfb189e000-7fcfb189f000 r--s 00004000 08:02 3814458                    /home/abhishek/.m2/repository/org/codehaus/plexus/plexus-compiler-javac/2.8.2/plexus-compiler-javac-2.8.2.jar
7fcfb189f000-7fcfb18a1000 r--s 00000000 08:02 3814456                    /home/abhishek/.m2/repository/org/codehaus/plexus/plexus-compiler-manager/2.8.2/plexus-compiler-manager-2.8.2.jar
7fcfb18a1000-7fcfb18a3000 r--s 00005000 08:02 3814454                    /home/abhishek/.m2/repository/org/codehaus/plexus/plexus-compiler-api/2.8.2/plexus-compiler-api-2.8.2.jar
7fcfb18a3000-7fcfb18a9000 r--s 00047000 08:02 3814452                    /home/abhishek/.m2/repository/com/thoughtworks/qdox/qdox/2.0-M7/qdox-2.0-M7.jar
7fcfb18a9000-7fcfb18aa000 r--s 0000d000 08:02 3814450                    /home/abhishek/.m2/repository/org/ow2/asm/asm/6.0_BETA/asm-6.0_BETA.jar
7fcfb18aa000-7fcfb18ac000 r--s 00006000 08:02 3814448                    /home/abhishek/.m2/repository/org/codehaus/plexus/plexus-java/0.9.2/plexus-java-0.9.2.jar
7fcfb18ac000-7fcfb18ae000 r--s 00002000 08:02 3814446                    /home/abhishek/.m2/repository/org/apache/maven/shared/maven-shared-incremental/1.1/maven-shared-incremental-1.1.jar
7fcfb18ae000-7fcfb18b2000 r--s 0002f000 08:02 3814444                    /home/abhishek/.m2/repository/commons-io/commons-io/2.5/commons-io-2.5.jar
7fcfb18b2000-7fcfb18b5000 r--s 00025000 08:02 3814442                    /home/abhishek/.m2/repository/org/apache/maven/shared/maven-shared-utils/3.1.0/maven-shared-utils-3.1.0.jar
7fcfb18b5000-7fcfb18b7000 r--s 0000d000 08:02 3814431                    /home/abhishek/.m2/repository/org/codehaus/plexus/plexus-interpolation/1.14/plexus-interpolation-1.14.jar
7fcfb18b7000-7fcfb18b9000 r--s 0000d000 08:02 3813719                    /home/abhishek/.m2/repository/org/apache/maven/plugins/maven-compiler-plugin/3.7.0/maven-compiler-plugin-3.7.0.jar
7fcfb18b9000-7fcfb18bc000 r--s 00010000 08:02 3814616                    /home/abhishek/.m2/repository/org/codehaus/plexus/plexus-interpolation/1.22/plexus-interpolation-1.22.jar
7fcfb18bc000-7fcfb18be000 r--s 00001000 08:02 3814612                    /home/abhishek/.m2/repository/org/sonatype/plexus/plexus-build-api/0.0.7/plexus-build-api-0.0.7.jar
7fcfb18be000-7fcfb18c0000 r--s 0000b000 08:02 3814598                    /home/abhishek/.m2/repository/org/apache/maven/shared/maven-filtering/3.1.1/maven-filtering-3.1.1.jar
7fcfb18c0000-7fcfb18c4000 r--s 00039000 08:02 3814593                    /home/abhishek/.m2/repository/org/codehaus/plexus/plexus-utils/3.0.24/plexus-utils-3.0.24.jar
7fcfb18c4000-7fcfb18c6000 r--s 00002000 08:02 3814440                    /home/abhishek/.m2/repository/org/sonatype/plexus/plexus-cipher/1.4/plexus-cipher-1.4.jar
7fcfb18c6000-7fcfb18c7000 r--s 00006000 08:02 3814437                    /home/abhishek/.m2/repository/org/sonatype/plexus/plexus-sec-dispatcher/1.3/plexus-sec-dispatcher-1.3.jar
7fcfb18c7000-7fcfb18c9000 r--s 00000000 08:02 3814435                    /home/abhishek/.m2/repository/org/codehaus/plexus/plexus-component-annotations/1.6/plexus-component-annotations-1.6.jar
7fcfb18c9000-7fcfb18cd000 r--s 00017000 08:02 3814429                    /home/abhishek/.m2/repository/org/sonatype/aether/aether-util/1.7/aether-util-1.7.jar
7fcfb18cd000-7fcfb1acd000 rw-p 00000000 00:00 0 
7fcfb1acd000-7fcfb1acf000 r--s 00006000 08:02 3814608                    /home/abhishek/.m2/repository/com/google/code/findbugs/jsr305/2.0.1/jsr305-2.0.1.jar
7fcfb1acf000-7fcfb1ad3000 r--s 0002a000 08:02 3814604                    /home/abhishek/.m2/repository/commons-io/commons-io/2.4/commons-io-2.4.jar
7fcfb1ad3000-7fcfb1ad6000 r--s 00023000 08:02 3814600                    /home/abhishek/.m2/repository/org/apache/maven/shared/maven-shared-utils/3.0.0/maven-shared-utils-3.0.0.jar
7fcfb1ad6000-7fcfb1ae1000 r--s 00069000 08:02 3814405                    /home/abhishek/.m2/repository/org/sonatype/sisu/sisu-guice/2.1.7/sisu-guice-2.1.7-noaop.jar
7fcfb1ae1000-7fcfb1ae6000 r--s 00021000 08:02 3814403                    /home/abhishek/.m2/repository/org/sonatype/sisu/sisu-inject-bean/1.4.2/sisu-inject-bean-1.4.2.jar
7fcfb1ae6000-7fcfb1ae8000 r--s 00000000 08:02 3815712                    /home/abhishek/.m2/repository/org/codehaus/plexus/plexus-component-annotations/1.5.5/plexus-component-annotations-1.5.5.jar
7fcfb1ae8000-7fcfb1aec000 r--s 00033000 08:02 3814409                    /home/abhishek/.m2/repository/org/codehaus/plexus/plexus-utils/2.0.4/plexus-utils-2.0.4.jar
7fcfb1aec000-7fcfb1aee000 r--s 00006000 08:02 3801125                    /home/abhishek/.m2/repository/org/apache/maven/plugins/maven-clean-plugin/3.0.0/maven-clean-plugin-3.0.0.jar
7fcfb1aee000-7fcfb1cee000 rw-p 00000000 00:00 0 
7fcfb1cee000-7fcfb1cff000 r-xp 00000000 08:02 2368233                    /usr/lib/jvm/java-8-oracle/jre/lib/amd64/libnio.so
7fcfb1cff000-7fcfb1efe000 ---p 00011000 08:02 2368233                    /usr/lib/jvm/java-8-oracle/jre/lib/amd64/libnio.so
7fcfb1efe000-7fcfb1eff000 rw-p 00010000 08:02 2368233                    /usr/lib/jvm/java-8-oracle/jre/lib/amd64/libnio.so
7fcfb1eff000-7fcfb1f15000 r-xp 00000000 08:02 2368230                    /usr/lib/jvm/java-8-oracle/jre/lib/amd64/libnet.so
7fcfb1f15000-7fcfb2115000 ---p 00016000 08:02 2368230                    /usr/lib/jvm/java-8-oracle/jre/lib/amd64/libnet.so
7fcfb2115000-7fcfb2116000 rw-p 00016000 08:02 2368230                    /usr/lib/jvm/java-8-oracle/jre/lib/amd64/libnet.so
7fcfb2116000-7fcfb211b000 r--s 0009d000 08:02 2236990                    /usr/lib/jvm/java-8-oracle/jre/lib/jsse.jar
7fcfb211b000-7fcfb231b000 rw-p 00000000 00:00 0 
7fcfb231b000-7fcfb251b000 rw-p 00000000 00:00 0 
7fcfb251b000-7fcfb271b000 rw-p 00000000 00:00 0 
7fcfb271b000-7fcfb2722000 r--s 00054000 08:02 2493448                    /usr/share/java/sisu-inject.jar
7fcfb2722000-7fcfb2723000 ---p 00000000 00:00 0 
7fcfb2723000-7fcfb2823000 rw-p 00000000 00:00 0 
7fcfb2823000-7fcfb2826000 ---p 00000000 00:00 0 
7fcfb2826000-7fcfb2924000 rw-p 00000000 00:00 0 
7fcfb2924000-7fcfb2925000 ---p 00000000 00:00 0 
7fcfb2925000-7fcfb2928000 ---p 00000000 00:00 0 
7fcfb2928000-7fcfb2a25000 rw-p 00000000 00:00 0 
7fcfb2a25000-7fcfb2a26000 ---p 00000000 00:00 0 
7fcfb2a26000-7fcfb2a29000 ---p 00000000 00:00 0 
7fcfb2a29000-7fcfb2b26000 rw-p 00000000 00:00 0 
7fcfb2b26000-7fcfb2b27000 ---p 00000000 00:00 0 
7fcfb2b27000-7fcfb2b2a000 ---p 00000000 00:00 0 
7fcfb2b2a000-7fcfb2c27000 rw-p 00000000 00:00 0 
7fcfb2c27000-7fcfb2c2a000 ---p 00000000 00:00 0 
7fcfb2c2a000-7fcfb2d28000 rw-p 00000000 00:00 0 
7fcfb2d28000-7fcfb36f7000 r--p 00000000 08:02 2102804                    /usr/lib/locale/locale-archive
7fcfb36f7000-7fcfb36fa000 ---p 00000000 00:00 0 
7fcfb36fa000-7fcfb37f8000 rw-p 00000000 00:00 0 
7fcfb37f8000-7fcfb37fb000 ---p 00000000 00:00 0 
7fcfb37fb000-7fcfb38f9000 rw-p 00000000 00:00 0 
7fcfb38f9000-7fcfb38fa000 ---p 00000000 00:00 0 
7fcfb38fa000-7fcfb4000000 rw-p 00000000 00:00 0 
7fcfb4000000-7fcfb4021000 rw-p 00000000 00:00 0 
7fcfb4021000-7fcfb8000000 ---p 00000000 00:00 0 
7fcfb8000000-7fcfb8001000 r--s 00007000 08:02 3813715                    /home/abhishek/.m2/repository/org/apache/maven/plugins/maven-resources-plugin/3.0.1/maven-resources-plugin-3.0.1.jar
7fcfb8001000-7fcfb8003000 r--s 0000b000 08:02 2493253                    /usr/share/java/wagon-provider-api.jar
7fcfb8003000-7fcfb8006000 r--s 0000a000 08:02 2493452                    /usr/share/java/maven3-artifact.jar
7fcfb8006000-7fcfb800a000 r--s 0001f000 08:02 2493255                    /usr/share/java/maven-resolver-api.jar
7fcfb800a000-7fcfb800d000 r--s 00011000 08:02 2493424                    /usr/share/java/plexus-interpolation.jar
7fcfb800d000-7fcfb800f000 r--s 0000a000 08:02 2493472                    /usr/share/java/maven3-plugin-api.jar
7fcfb800f000-7fcfb8012000 r--s 00015000 08:02 2493456                    /usr/share/java/maven3-embedder.jar
7fcfb8012000-7fcfb8020000 r--s 0009a000 08:02 2493235                    /usr/share/java/guice.jar
7fcfb8020000-7fcfb804d000 r--s 001ce000 08:02 2494302                    /usr/share/java/wagon-http-shaded-3.0.0.jar
7fcfb804d000-7fcfb8079000 r--s 00208000 08:02 2493222                    /usr/share/java/guava.jar
7fcfb8079000-7fcfbc000000 rw-p 00000000 00:00 0 
7fcfbc000000-7fcfbc021000 rw-p 00000000 00:00 0 
7fcfbc021000-7fcfc0000000 ---p 00000000 00:00 0 
7fcfc0000000-7fcfc0001000 r--s 0000a000 08:02 2493477                    /usr/share/java/maven3-settings.jar
7fcfc0001000-7fcfc0003000 r--s 0000a000 08:02 2493210                    /usr/share/java/commons-cli.jar
7fcfc0003000-7fcfc0005000 r--s 00006000 08:02 2493426                    /usr/share/java/plexus-sec-dispatcher.jar
7fcfc0005000-7fcfc0007000 r--s 00005000 08:02 2493262                    /usr/share/java/maven-resolver-transport-wagon.jar
7fcfc0007000-7fcfc0008000 r--s 00001000 08:02 2493206                    /usr/share/java/geronimo-interceptor-3.0-spec.jar
7fcfc0008000-7fcfc0009000 r--s 00000000 08:02 2493184                    /usr/share/java/atinject-jsr330-api-1.0.jar
7fcfc0009000-7fcfc000c000 r--s 0000e000 08:02 2493208                    /usr/share/java/cdi-api.jar
7fcfc000c000-7fcfc000e000 r--s 00001000 08:02 2493224                    /usr/share/java/aopalliance-1.0.jar
7fcfc000e000-7fcfc0012000 r--s 0003b000 08:02 2493251                    /usr/share/java/plexus-utils2.jar
7fcfc0012000-7fcfc0013000 r--s 00004000 08:02 2493487                    /usr/share/java/maven3-slf4j-provider.jar
7fcfc0013000-7fcfc0014000 r--s 00006000 08:02 2493473                    /usr/share/java/maven3-repository-metadata.jar
7fcfc0014000-7fcfc0015000 r--s 00001000 08:02 2494297                    /usr/share/java/wagon-file.jar
7fcfc0015000-7fcfc0019000 r--s 00023000 08:02 2493415                    /usr/share/java/maven-shared-utils.jar
7fcfc0019000-7fcfc0020000 r--s 00042000 08:02 2493454                    /usr/share/java/maven3-compat.jar
7fcfc0020000-7fcfc0626000 rw-p 00000000 00:00 0 
7fcfc0626000-7fcfc0800000 r--s 03d6b000 08:02 2236933                    /usr/lib/jvm/java-8-oracle/jre/lib/rt.jar
7fcfc0800000-7fcfc1000000 rw-p 00000000 00:00 0 
7fcfc1000000-7fcfc2200000 rwxp 00000000 00:00 0 
7fcfc2200000-7fcfd0000000 ---p 00000000 00:00 0 
7fcfd0000000-7fcfd1c53000 rw-p 00000000 00:00 0 
7fcfd1c53000-7fcfd4000000 ---p 00000000 00:00 0 
7fcfd4000000-7fcfd4002000 r--s 00000000 08:02 2493421                    /usr/share/java/plexus-component-annotations.jar
7fcfd4002000-7fcfd4003000 r--s 00002000 08:02 2493218                    /usr/share/java/geronimo-annotation-1.3-spec.jar
7fcfd4003000-7fcfd4005000 r--s 00003000 08:02 2493428                    /usr/share/java/jcl-over-slf4j.jar
7fcfd4005000-7fcfd4007000 r--s 0000e000 08:02 2493474                    /usr/share/java/maven3-resolver-provider.jar
7fcfd4007000-7fcfd4009000 r--s 00006000 08:02 2493258                    /usr/share/java/maven-resolver-spi.jar
7fcfd4009000-7fcfd400a000 r--s 00002000 08:02 2493453                    /usr/share/java/maven3-builder-support.jar
7fcfd400a000-7fcfd4017000 r--s 0008d000 08:02 2493455                    /usr/share/java/maven3-core.jar
7fcfd4017000-7fcfd401f000 r--s 0006d000 08:02 2493216                    /usr/share/java/commons-lang3.jar
7fcfd401f000-7fcfd44a4000 rw-p 00000000 00:00 0 
7fcfd44a4000-7fcfd44a5000 ---p 00000000 00:00 0 
7fcfd44a5000-7fcfd45a5000 rw-p 00000000 00:00 0 
7fcfd45a5000-7fcfd45a6000 ---p 00000000 00:00 0 
7fcfd45a6000-7fcfd46a6000 rw-p 00000000 00:00 0 
7fcfd46a6000-7fcfd46a7000 ---p 00000000 00:00 0 
7fcfd46a7000-7fcfd47a7000 rw-p 00000000 00:00 0 
7fcfd47a7000-7fcfd47a8000 ---p 00000000 00:00 0 
7fcfd47a8000-7fcfd48d5000 rw-p 00000000 00:00 0 
7fcfd48d5000-7fcfd4b28000 ---p 00000000 00:00 0 
7fcfd4b28000-7fcfd4b55000 rw-p 00000000 00:00 0 
7fcfd4b55000-7fcfd4da8000 ---p 00000000 00:00 0 
7fcfd4da8000-7fcfd4eca000 rw-p 00000000 00:00 0 
7fcfd4eca000-7fcfd4ee8000 ---p 00000000 00:00 0 
7fcfd4ee8000-7fcfd4f31000 rw-p 00000000 00:00 0 
7fcfd4f31000-7fcfd52a9000 ---p 00000000 00:00 0 
7fcfd52a9000-7fcfd52c4000 r-xp 00000000 08:02 2368226                    /usr/lib/jvm/java-8-oracle/jre/lib/amd64/libzip.so
7fcfd52c4000-7fcfd54c4000 ---p 0001b000 08:02 2368226                    /usr/lib/jvm/java-8-oracle/jre/lib/amd64/libzip.so
7fcfd54c4000-7fcfd54c5000 rw-p 0001b000 08:02 2368226                    /usr/lib/jvm/java-8-oracle/jre/lib/amd64/libzip.so
7fcfd54c5000-7fcfd54d0000 r-xp 00000000 08:02 4986324                    /lib/x86_64-linux-gnu/libnss_files-2.27.so
7fcfd54d0000-7fcfd56cf000 ---p 0000b000 08:02 4986324                    /lib/x86_64-linux-gnu/libnss_files-2.27.so
7fcfd56cf000-7fcfd56d0000 r--p 0000a000 08:02 4986324                    /lib/x86_64-linux-gnu/libnss_files-2.27.so
7fcfd56d0000-7fcfd56d1000 rw-p 0000b000 08:02 4986324                    /lib/x86_64-linux-gnu/libnss_files-2.27.so
7fcfd56d1000-7fcfd56d7000 rw-p 00000000 00:00 0 
7fcfd56d7000-7fcfd56ee000 r-xp 00000000 08:02 4986318                    /lib/x86_64-linux-gnu/libnsl-2.27.so
7fcfd56ee000-7fcfd58ed000 ---p 00017000 08:02 4986318                    /lib/x86_64-linux-gnu/libnsl-2.27.so
7fcfd58ed000-7fcfd58ee000 r--p 00016000 08:02 4986318                    /lib/x86_64-linux-gnu/libnsl-2.27.so
7fcfd58ee000-7fcfd58ef000 rw-p 00017000 08:02 4986318                    /lib/x86_64-linux-gnu/libnsl-2.27.so
7fcfd58ef000-7fcfd58f1000 rw-p 00000000 00:00 0 
7fcfd58f1000-7fcfd58fc000 r-xp 00000000 08:02 4986335                    /lib/x86_64-linux-gnu/libnss_nis-2.27.so
7fcfd58fc000-7fcfd5afb000 ---p 0000b000 08:02 4986335                    /lib/x86_64-linux-gnu/libnss_nis-2.27.so
7fcfd5afb000-7fcfd5afc000 r--p 0000a000 08:02 4986335                    /lib/x86_64-linux-gnu/libnss_nis-2.27.so
7fcfd5afc000-7fcfd5afd000 rw-p 0000b000 08:02 4986335                    /lib/x86_64-linux-gnu/libnss_nis-2.27.so
7fcfd5afd000-7fcfd5b05000 r-xp 00000000 08:02 4986320                    /lib/x86_64-linux-gnu/libnss_compat-2.27.so
7fcfd5b05000-7fcfd5d05000 ---p 00008000 08:02 4986320                    /lib/x86_64-linux-gnu/libnss_compat-2.27.so
7fcfd5d05000-7fcfd5d06000 r--p 00008000 08:02 4986320                    /lib/x86_64-linux-gnu/libnss_compat-2.27.so
7fcfd5d06000-7fcfd5d07000 rw-p 00009000 08:02 4986320                    /lib/x86_64-linux-gnu/libnss_compat-2.27.so
7fcfd5d07000-7fcfd5d32000 r-xp 00000000 08:02 2368220                    /usr/lib/jvm/java-8-oracle/jre/lib/amd64/libjava.so
7fcfd5d32000-7fcfd5f31000 ---p 0002b000 08:02 2368220                    /usr/lib/jvm/java-8-oracle/jre/lib/amd64/libjava.so
7fcfd5f31000-7fcfd5f33000 rw-p 0002a000 08:02 2368220                    /usr/lib/jvm/java-8-oracle/jre/lib/amd64/libjava.so
7fcfd5f33000-7fcfd5f40000 r-xp 00000000 08:02 2368225                    /usr/lib/jvm/java-8-oracle/jre/lib/amd64/libverify.so
7fcfd5f40000-7fcfd6140000 ---p 0000d000 08:02 2368225                    /usr/lib/jvm/java-8-oracle/jre/lib/amd64/libverify.so
7fcfd6140000-7fcfd6142000 rw-p 0000d000 08:02 2368225                    /usr/lib/jvm/java-8-oracle/jre/lib/amd64/libverify.so
7fcfd6142000-7fcfd6149000 r-xp 00000000 08:02 4986375                    /lib/x86_64-linux-gnu/librt-2.27.so
7fcfd6149000-7fcfd6348000 ---p 00007000 08:02 4986375                    /lib/x86_64-linux-gnu/librt-2.27.so
7fcfd6348000-7fcfd6349000 r--p 00006000 08:02 4986375                    /lib/x86_64-linux-gnu/librt-2.27.so
7fcfd6349000-7fcfd634a000 rw-p 00007000 08:02 4986375                    /lib/x86_64-linux-gnu/librt-2.27.so
7fcfd634a000-7fcfd64e7000 r-xp 00000000 08:02 4986297                    /lib/x86_64-linux-gnu/libm-2.27.so
7fcfd64e7000-7fcfd66e6000 ---p 0019d000 08:02 4986297                    /lib/x86_64-linux-gnu/libm-2.27.so
7fcfd66e6000-7fcfd66e7000 r--p 0019c000 08:02 4986297                    /lib/x86_64-linux-gnu/libm-2.27.so
7fcfd66e7000-7fcfd66e8000 rw-p 0019d000 08:02 4986297                    /lib/x86_64-linux-gnu/libm-2.27.so
7fcfd66e8000-7fcfd73c4000 r-xp 00000000 08:02 2368202                    /usr/lib/jvm/java-8-oracle/jre/lib/amd64/server/libjvm.so
7fcfd73c4000-7fcfd75c4000 ---p 00cdc000 08:02 2368202                    /usr/lib/jvm/java-8-oracle/jre/lib/amd64/server/libjvm.so
7fcfd75c4000-7fcfd769e000 rw-p 00cdc000 08:02 2368202                    /usr/lib/jvm/java-8-oracle/jre/lib/amd64/server/libjvm.so
7fcfd769e000-7fcfd76e9000 rw-p 00000000 00:00 0 
7fcfd76e9000-7fcfd78d0000 r-xp 00000000 08:02 4986234                    /lib/x86_64-linux-gnu/libc-2.27.so
7fcfd78d0000-7fcfd7ad0000 ---p 001e7000 08:02 4986234                    /lib/x86_64-linux-gnu/libc-2.27.so
7fcfd7ad0000-7fcfd7ad4000 r--p 001e7000 08:02 4986234                    /lib/x86_64-linux-gnu/libc-2.27.so
7fcfd7ad4000-7fcfd7ad6000 rw-p 001eb000 08:02 4986234                    /lib/x86_64-linux-gnu/libc-2.27.so
7fcfd7ad6000-7fcfd7ada000 rw-p 00000000 00:00 0 
7fcfd7ada000-7fcfd7add000 r-xp 00000000 08:02 4986257                    /lib/x86_64-linux-gnu/libdl-2.27.so
7fcfd7add000-7fcfd7cdc000 ---p 00003000 08:02 4986257                    /lib/x86_64-linux-gnu/libdl-2.27.so
7fcfd7cdc000-7fcfd7cdd000 r--p 00002000 08:02 4986257                    /lib/x86_64-linux-gnu/libdl-2.27.so
7fcfd7cdd000-7fcfd7cde000 rw-p 00003000 08:02 4986257                    /lib/x86_64-linux-gnu/libdl-2.27.so
7fcfd7cde000-7fcfd7cf4000 r-xp 00000000 08:02 2236800                    /usr/lib/jvm/java-8-oracle/lib/amd64/jli/libjli.so
7fcfd7cf4000-7fcfd7ef3000 ---p 00016000 08:02 2236800                    /usr/lib/jvm/java-8-oracle/lib/amd64/jli/libjli.so
7fcfd7ef3000-7fcfd7ef4000 rw-p 00015000 08:02 2236800                    /usr/lib/jvm/java-8-oracle/lib/amd64/jli/libjli.so
7fcfd7ef4000-7fcfd7f0e000 r-xp 00000000 08:02 4986367                    /lib/x86_64-linux-gnu/libpthread-2.27.so
7fcfd7f0e000-7fcfd810d000 ---p 0001a000 08:02 4986367                    /lib/x86_64-linux-gnu/libpthread-2.27.so
7fcfd810d000-7fcfd810e000 r--p 00019000 08:02 4986367                    /lib/x86_64-linux-gnu/libpthread-2.27.so
7fcfd810e000-7fcfd810f000 rw-p 0001a000 08:02 4986367                    /lib/x86_64-linux-gnu/libpthread-2.27.so
7fcfd810f000-7fcfd8113000 rw-p 00000000 00:00 0 
7fcfd8113000-7fcfd813a000 r-xp 00000000 08:02 4986206                    /lib/x86_64-linux-gnu/ld-2.27.so
7fcfd813a000-7fcfd813f000 r--s 00026000 08:02 2493470                    /usr/share/java/maven3-model-builder.jar
7fcfd813f000-7fcfd8141000 r--s 00007000 08:02 2493249                    /usr/share/java/jansi.jar
7fcfd8141000-7fcfd8147000 r--s 0002d000 08:02 2493450                    /usr/share/java/sisu-plexus.jar
7fcfd8147000-7fcfd8149000 r--s 00008000 08:02 2493256                    /usr/share/java/maven-resolver-connector-basic.jar
7fcfd8149000-7fcfd814b000 r--s 00009000 08:02 2493431                    /usr/share/java/slf4j-api.jar
7fcfd814b000-7fcfd814f000 r--s 00022000 08:02 2493266                    /usr/share/java/maven-resolver-util.jar
7fcfd814f000-7fcfd8151000 r--s 00008000 08:02 2493476                    /usr/share/java/maven3-settings-builder.jar
7fcfd8151000-7fcfd8156000 r--s 00030000 08:02 2493214                    /usr/share/java/commons-io.jar
7fcfd8156000-7fcfd8220000 rw-p 00000000 00:00 0 
7fcfd8220000-7fcfd8221000 ---p 00000000 00:00 0 
7fcfd8221000-7fcfd8224000 ---p 00000000 00:00 0 
7fcfd8224000-7fcfd8325000 rw-p 00000000 00:00 0 
7fcfd8325000-7fcfd8328000 r--s 00027000 08:02 2493471                    /usr/share/java/maven3-model.jar
7fcfd8328000-7fcfd8329000 r--s 00003000 08:02 2493417                    /usr/share/java/plexus-cipher.jar
7fcfd8329000-7fcfd832d000 r--s 00028000 08:02 2493257                    /usr/share/java/maven-resolver-impl.jar
7fcfd832d000-7fcfd832e000 r--s 00000000 08:02 2493184                    /usr/share/java/atinject-jsr330-api-1.0.jar
7fcfd832e000-7fcfd8330000 r--s 0000b000 08:02 2493419                    /usr/share/java/plexus-classworlds.jar
7fcfd8330000-7fcfd8338000 rw-s 00000000 08:02 2490400                    /tmp/hsperfdata_abhishek/17006
7fcfd8338000-7fcfd8339000 rw-p 00000000 00:00 0 
7fcfd8339000-7fcfd833a000 ---p 00000000 00:00 0 
7fcfd833a000-7fcfd833b000 r--p 00027000 08:02 4986206                    /lib/x86_64-linux-gnu/ld-2.27.so
7fcfd833b000-7fcfd833c000 rw-p 00028000 08:02 4986206                    /lib/x86_64-linux-gnu/ld-2.27.so
7fcfd833c000-7fcfd833d000 rw-p 00000000 00:00 0 
7ffdafa45000-7ffdafa67000 rw-p 00000000 00:00 0                          [stack]
7ffdafa95000-7ffdafa98000 r--p 00000000 00:00 0                          [vvar]
7ffdafa98000-7ffdafa9a000 r-xp 00000000 00:00 0                          [vdso]
ffffffffff600000-ffffffffff601000 r-xp 00000000 00:00 0                  [vsyscall]

VM Arguments:
jvm_args: -Dclassworlds.conf=/usr/share/maven/bin/m2.conf -Dmaven.home=/usr/share/maven -Dlibrary.jansi.path=/usr/share/maven/lib/jansi-native -Dmaven.multiModuleProjectDirectory=/home/abhishek/Documents/ibm-w2-matchzone-server 
java_command: org.codehaus.plexus.classworlds.launcher.Launcher clean package -DskipTests
java_class_path (initial): /usr/share/maven/boot/plexus-classworlds-2.x.jar
Launcher Type: SUN_STANDARD

Environment Variables:
JAVA_HOME=/usr/lib/jvm/java-8-oracle
PATH=/usr/local/sbin:/usr/local/bin:/usr/sbin:/usr/bin:/sbin:/bin:/usr/games:/usr/local/games:/snap/bin:/usr/lib/jvm/java-8-oracle/bin:/usr/lib/jvm/java-8-oracle/db/bin:/usr/lib/jvm/java-8-oracle/jre/bin
USERNAME=abhishek
SHELL=/bin/bash
DISPLAY=:0

Signal Handlers:
SIGSEGV: [libjvm.so+0xad2a40], sa_mask[0]=11111111011111111101111111111110, sa_flags=SA_RESTART|SA_SIGINFO
SIGBUS: [libjvm.so+0xad2a40], sa_mask[0]=11111111011111111101111111111110, sa_flags=SA_RESTART|SA_SIGINFO
SIGFPE: [libjvm.so+0x92a610], sa_mask[0]=11111111011111111101111111111110, sa_flags=SA_RESTART|SA_SIGINFO
SIGPIPE: [libjvm.so+0x92a610], sa_mask[0]=11111111011111111101111111111110, sa_flags=SA_RESTART|SA_SIGINFO
SIGXFSZ: [libjvm.so+0x92a610], sa_mask[0]=11111111011111111101111111111110, sa_flags=SA_RESTART|SA_SIGINFO
SIGILL: [libjvm.so+0x92a610], sa_mask[0]=11111111011111111101111111111110, sa_flags=SA_RESTART|SA_SIGINFO
SIGUSR1: SIG_DFL, sa_mask[0]=00000000000000000000000000000000, sa_flags=none
SIGUSR2: [libjvm.so+0x92be70], sa_mask[0]=00000000000000000000000000000000, sa_flags=SA_RESTART|SA_SIGINFO
SIGHUP: [libjvm.so+0x92d270], sa_mask[0]=11111111011111111101111111111110, sa_flags=SA_RESTART|SA_SIGINFO
SIGINT: [libjvm.so+0x92d270], sa_mask[0]=11111111011111111101111111111110, sa_flags=SA_RESTART|SA_SIGINFO
SIGTERM: [libjvm.so+0x92d270], sa_mask[0]=11111111011111111101111111111110, sa_flags=SA_RESTART|SA_SIGINFO
SIGQUIT: [libjvm.so+0x92d270], sa_mask[0]=11111111011111111101111111111110, sa_flags=SA_RESTART|SA_SIGINFO


---------------  S Y S T E M  ---------------

OS:DISTRIB_ID=Ubuntu
DISTRIB_RELEASE=18.04
DISTRIB_CODENAME=bionic
DISTRIB_DESCRIPTION="Ubuntu 18.04.1 LTS"

uname:Linux 4.15.0-33-generic #36-Ubuntu SMP Wed Aug 15 16:00:05 UTC 2018 x86_64
libc:glibc 2.27 NPTL 2.27 
rlimit: STACK 8192k, CORE 0k, NPROC 30472, NOFILE 4096, AS infinity
load average:47.98 13.13 5.18

/proc/meminfo:
MemTotal:        7861392 kB
MemFree:          107292 kB
MemAvailable:      17720 kB
Buffers:             708 kB
Cached:           378740 kB
SwapCached:        12652 kB
Active:          4819092 kB
Inactive:        2567868 kB
Active(anon):    4808500 kB
Inactive(anon):  2551852 kB
Active(file):      10592 kB
Inactive(file):    16016 kB
Unevictable:         464 kB
Mlocked:             464 kB
SwapTotal:       2097148 kB
SwapFree:              0 kB
Dirty:                68 kB
Writeback:             0 kB
AnonPages:       6996232 kB
Mapped:           216088 kB
Shmem:            352100 kB
Slab:             190304 kB
SReclaimable:      67836 kB
SUnreclaim:       122468 kB
KernelStack:       23712 kB
PageTables:        80536 kB
NFS_Unstable:          0 kB
Bounce:                0 kB
WritebackTmp:          0 kB
CommitLimit:     6027844 kB
Committed_AS:   19052604 kB
VmallocTotal:   34359738367 kB
VmallocUsed:           0 kB
VmallocChunk:          0 kB
HardwareCorrupted:     0 kB
AnonHugePages:         0 kB
ShmemHugePages:        0 kB
ShmemPmdMapped:        0 kB
CmaTotal:              0 kB
CmaFree:               0 kB
HugePages_Total:       0
HugePages_Free:        0
HugePages_Rsvd:        0
HugePages_Surp:        0
Hugepagesize:       2048 kB
DirectMap4k:      355096 kB
DirectMap2M:     7723008 kB
DirectMap1G:           0 kB


CPU:total 4 (initial active 4) (2 cores per cpu, 2 threads per core) family 6 model 61 stepping 4, cmov, cx8, fxsr, mmx, sse, sse2, sse3, ssse3, sse4.1, sse4.2, popcnt, avx, avx2, aes, clmul, erms, rtm, 3dnowpref, lzcnt, ht, tsc, tscinvbit, bmi1, bmi2, adx

/proc/cpuinfo:
processor	: 0
vendor_id	: GenuineIntel
cpu family	: 6
model		: 61
model name	: Intel(R) Core(TM) i5-5300U CPU @ 2.30GHz
stepping	: 4
microcode	: 0x2b
cpu MHz		: 2693.695
cache size	: 3072 KB
physical id	: 0
siblings	: 4
core id		: 0
cpu cores	: 2
apicid		: 0
initial apicid	: 0
fpu		: yes
fpu_exception	: yes
cpuid level	: 20
wp		: yes
flags		: fpu vme de pse tsc msr pae mce cx8 apic sep mtrr pge mca cmov pat pse36 clflush dts acpi mmx fxsr sse sse2 ss ht tm pbe syscall nx pdpe1gb rdtscp lm constant_tsc arch_perfmon pebs bts rep_good nopl xtopology nonstop_tsc cpuid aperfmperf pni pclmulqdq dtes64 monitor ds_cpl vmx smx est tm2 ssse3 sdbg fma cx16 xtpr pdcm pcid sse4_1 sse4_2 x2apic movbe popcnt tsc_deadline_timer aes xsave avx f16c rdrand lahf_lm abm 3dnowprefetch cpuid_fault epb invpcid_single pti ssbd ibrs ibpb stibp tpr_shadow vnmi flexpriority ept vpid fsgsbase tsc_adjust bmi1 hle avx2 smep bmi2 erms invpcid rtm rdseed adx smap intel_pt xsaveopt dtherm ida arat pln pts flush_l1d
bugs		: cpu_meltdown spectre_v1 spectre_v2 spec_store_bypass l1tf
bogomips	: 4589.27
clflush size	: 64
cache_alignment	: 64
address sizes	: 39 bits physical, 48 bits virtual
power management:

processor	: 1
vendor_id	: GenuineIntel
cpu family	: 6
model		: 61
model name	: Intel(R) Core(TM) i5-5300U CPU @ 2.30GHz
stepping	: 4
microcode	: 0x2b
cpu MHz		: 2693.701
cache size	: 3072 KB
physical id	: 0
siblings	: 4
core id		: 0
cpu cores	: 2
apicid		: 1
initial apicid	: 1
fpu		: yes
fpu_exception	: yes
cpuid level	: 20
wp		: yes
flags		: fpu vme de pse tsc msr pae mce cx8 apic sep mtrr pge mca cmov pat pse36 clflush dts acpi mmx fxsr sse sse2 ss ht tm pbe syscall nx pdpe1gb rdtscp lm constant_tsc arch_perfmon pebs bts rep_good nopl xtopology nonstop_tsc cpuid aperfmperf pni pclmulqdq dtes64 monitor ds_cpl vmx smx est tm2 ssse3 sdbg fma cx16 xtpr pdcm pcid sse4_1 sse4_2 x2apic movbe popcnt tsc_deadline_timer aes xsave avx f16c rdrand lahf_lm abm 3dnowprefetch cpuid_fault epb invpcid_single pti ssbd ibrs ibpb stibp tpr_shadow vnmi flexpriority ept vpid fsgsbase tsc_adjust bmi1 hle avx2 smep bmi2 erms invpcid rtm rdseed adx smap intel_pt xsaveopt dtherm ida arat pln pts flush_l1d
bugs		: cpu_meltdown spectre_v1 spectre_v2 spec_store_bypass l1tf
bogomips	: 4589.27
clflush size	: 64
cache_alignment	: 64
address sizes	: 39 bits physical, 48 bits virtual
power management:

processor	: 2
vendor_id	: GenuineIntel
cpu family	: 6
model		: 61
model name	: Intel(R) Core(TM) i5-5300U CPU @ 2.30GHz
stepping	: 4
microcode	: 0x2b
cpu MHz		: 2693.700
cache size	: 3072 KB
physical id	: 0
siblings	: 4
core id		: 1
cpu cores	: 2
apicid		: 2
initial apicid	: 2
fpu		: yes
fpu_exception	: yes
cpuid level	: 20
wp		: yes
flags		: fpu vme de pse tsc msr pae mce cx8 apic sep mtrr pge mca cmov pat pse36 clflush dts acpi mmx fxsr sse sse2 ss ht tm pbe syscall nx pdpe1gb rdtscp lm constant_tsc arch_perfmon pebs bts rep_good nopl xtopology nonstop_tsc cpuid aperfmperf pni pclmulqdq dtes64 monitor ds_cpl vmx smx est tm2 ssse3 sdbg fma cx16 xtpr pdcm pcid sse4_1 sse4_2 x2apic movbe popcnt tsc_deadline_timer aes xsave avx f16c rdrand lahf_lm abm 3dnowprefetch cpuid_fault epb invpcid_single pti ssbd ibrs ibpb stibp tpr_shadow vnmi flexpriority ept vpid fsgsbase tsc_adjust bmi1 hle avx2 smep bmi2 erms invpcid rtm rdseed adx smap intel_pt xsaveopt dtherm ida arat pln pts flush_l1d
bugs		: cpu_meltdown spectre_v1 spectre_v2 spec_store_bypass l1tf
bogomips	: 4589.27
clflush size	: 64
cache_alignment	: 64
address sizes	: 39 bits physical, 48 bits virtual
power management:

processor	: 3
vendor_id	: GenuineIntel
cpu family	: 6
model		: 61
model name	: Intel(R) Core(TM) i5-5300U CPU @ 2.30GHz
stepping	: 4
microcode	: 0x2b
cpu MHz		: 2693.693
cache size	: 3072 KB
physical id	: 0
siblings	: 4
core id		: 1
cpu cores	: 2
apicid		: 3
initial apicid	: 3
fpu		: yes
fpu_exception	: yes
cpuid level	: 20
wp		: yes
flags		: fpu vme de pse tsc msr pae mce cx8 apic sep mtrr pge mca cmov pat pse36 clflush dts acpi mmx fxsr sse sse2 ss ht tm pbe syscall nx pdpe1gb rdtscp lm constant_tsc arch_perfmon pebs bts rep_good nopl xtopology nonstop_tsc cpuid aperfmperf pni pclmulqdq dtes64 monitor ds_cpl vmx smx est tm2 ssse3 sdbg fma cx16 xtpr pdcm pcid sse4_1 sse4_2 x2apic movbe popcnt tsc_deadline_timer aes xsave avx f16c rdrand lahf_lm abm 3dnowprefetch cpuid_fault epb invpcid_single pti ssbd ibrs ibpb stibp tpr_shadow vnmi flexpriority ept vpid fsgsbase tsc_adjust bmi1 hle avx2 smep bmi2 erms invpcid rtm rdseed adx smap intel_pt xsaveopt dtherm ida arat pln pts flush_l1d
bugs		: cpu_meltdown spectre_v1 spectre_v2 spec_store_bypass l1tf
bogomips	: 4589.27
clflush size	: 64
cache_alignment	: 64
address sizes	: 39 bits physical, 48 bits virtual
power management:



Memory: 4k page, physical 7861392k(103968k free), swap 2097148k(0k free)

vm_info: Java HotSpot(TM) 64-Bit Server VM (25.181-b13) for linux-amd64 JRE (1.8.0_181-b13), built on Jul  7 2018 00:56:38 by "java_re" with gcc 4.3.0 20080428 (Red Hat 4.3.0-8)

time: Tue Sep 25 14:45:37 2018
elapsed time: 53 seconds (0d 0h 0m 53s)

